<?xml version="1.0" encoding="UTF-8"?>
<!-- Generated by org.testng.reporters.JUnitReportReporter -->
<testsuite hostname="ATMECSINLT-028" failures="0" tests="2" name="com.atmecs.php.test.AutomatingPhp" time="38.473" errors="0" timestamp="2019-11-27T19:02:04 IST" skipped="0">
  <testcase classname="com.atmecs.php.test.AutomatingPhp" name="loginIntoApplication" time="2.693"/>
  <testcase classname="com.atmecs.php.test.AutomatingPhp" name="validatingAccountPage" time="35.780"/>
</testsuite> <!-- com.atmecs.php.test.AutomatingPhp -->
